<?xml version="1.0" encoding="UTF-8"?>
<testsuite xmlns:xsi="http://www.w3.org/2001/XMLSchema-instance" xsi:noNamespaceSchemaLocation="https://maven.apache.org/surefire/maven-surefire-plugin/xsd/surefire-test-report-3.0.xsd" version="3.0" name="org.example.pitpoc.CalculatorTest" time="0.018" tests="10" errors="0" skipped="0" failures="0">
  <properties>
[...]
</properties>
  <testcase name="testGetGrade" classname="org.example.pitpoc.CalculatorTest" time="0.004">
    <system-out><![CDATA[2025-09-05T10:55:27.092-03:00  INFO 41327 --- [pit-poc] [           main] t.c.s.AnnotationConfigContextLoaderUtils : Could not detect default configuration classes for test class [org.example.pitpoc.CalculatorTest]: CalculatorTest does not declare any static, non-private, non-final, nested classes annotated with @Configuration.
2025-09-05T10:55:27.093-03:00  INFO 41327 --- [pit-poc] [           main] .b.t.c.SpringBootTestContextBootstrapper : Found @SpringBootConfiguration org.example.pitpoc.PitPocApplication for test class org.example.pitpoc.CalculatorTest
]]></system-out>
  </testcase>
  <testcase name="testDivideByZero" classname="org.example.pitpoc.CalculatorTest" time="0.001"/>
  <testcase name="testAdd" classname="org.example.pitpoc.CalculatorTest" time="0.001"/>
  <testcase name="testMax" classname="org.example.pitpoc.CalculatorTest" time="0.001"/>
  <testcase name="testSubtract" classname="org.example.pitpoc.CalculatorTest" time="0.001"/>
  <testcase name="testFactorial" classname="org.example.pitpoc.CalculatorTest" time="0.001"/>
  <testcase name="testDivide" classname="org.example.pitpoc.CalculatorTest" time="0.001"/>
  <testcase name="testMultiply" classname="org.example.pitpoc.CalculatorTest" time="0.001"/>
  <testcase name="testIsEven" classname="org.example.pitpoc.CalculatorTest" time="0.001"/>
  <testcase name="testFactorialNegative" classname="org.example.pitpoc.CalculatorTest" time="0.001"/>
</testsuite>